<?xml version="1.0" encoding="UTF-8"?>
<!-- Generated by org.testng.reporters.JUnitXMLReporter -->
<testsuite hostname="mathu-pc" ignored="2" name="Test" tests="2" failures="0" timestamp="14 Mar 2019 20:46:42 GMT" time="28.598" errors="0">
  <testcase name="login" time="1.158" classname="samplemaven.testcases.TC001_Login"/>
  <testcase name="login" time="0.919" classname="samplemaven.testcases.TC002_Login2"/>
  <testcase name="@AfterSuite stopResult" time="0.0" classname="samplemaven.utils.Reporter">
    <ignored/>
  </testcase> <!-- @AfterSuite stopResult -->
  <testcase name="@BeforeSuite startResult" time="0.0" classname="samplemaven.utils.Reporter">
    <ignored/>
  </testcase> <!-- @BeforeSuite startResult -->
</testsuite> <!-- Test -->
