<?xml version="1.0" encoding="UTF-8"?>
<testng-results skipped="0" failed="0" ignored="2" total="4" passed="2">
  <reporter-output>
  </reporter-output>
  <suite name="Suite" duration-ms="28598" started-at="2019-03-14T20:46:13Z" finished-at="2019-03-14T20:46:42Z">
    <groups>
    </groups>
    <test name="Test" duration-ms="28598" started-at="2019-03-14T20:46:13Z" finished-at="2019-03-14T20:46:42Z">
      <class name="samplemaven.testcases.TC002_Login2">
        <test-method status="PASS" signature="startTestcase()[pri:0, instance:samplemaven.testcases.TC002_Login2@2d928643]" name="startTestcase" is-config="true" duration-ms="1" started-at="2019-03-14T20:46:32Z" finished-at="2019-03-14T20:46:32Z">
          <reporter-output>
          </reporter-output>
        </test-method> <!-- startTestcase -->
        <test-method status="PASS" signature="startApplication(java.lang.String, java.lang.String)[pri:0, instance:samplemaven.testcases.TC002_Login2@2d928643]" name="startApplication" is-config="true" duration-ms="8155" started-at="2019-03-14T20:46:32Z" finished-at="2019-03-14T20:46:40Z">
          <params>
            <param index="0">
              <value>
                <![CDATA[chrome]]>
              </value>
            </param>
            <param index="1">
              <value>
                <![CDATA[http://leaftaps.com/opentaps]]>
              </value>
            </param>
          </params>
          <reporter-output>
          </reporter-output>
        </test-method> <!-- startApplication -->
        <test-method status="PASS" signature="login(java.lang.String, java.lang.String, java.lang.String)[pri:0, instance:samplemaven.testcases.TC002_Login2@2d928643]" name="login" duration-ms="919" started-at="2019-03-14T20:46:40Z" data-provider="fetchData" finished-at="2019-03-14T20:46:41Z">
          <params>
            <param index="0">
              <value>
                <![CDATA[DemoSalesManager]]>
              </value>
            </param>
            <param index="1">
              <value>
                <![CDATA[crmsfa]]>
              </value>
            </param>
            <param index="2">
              <value>
                <![CDATA[848]]>
              </value>
            </param>
          </params>
          <reporter-output>
          </reporter-output>
        </test-method> <!-- login -->
        <test-method status="PASS" signature="closeApplication()[pri:0, instance:samplemaven.testcases.TC002_Login2@2d928643]" name="closeApplication" is-config="true" duration-ms="369" started-at="2019-03-14T20:46:41Z" finished-at="2019-03-14T20:46:42Z">
          <reporter-output>
          </reporter-output>
        </test-method> <!-- closeApplication -->
      </class> <!-- samplemaven.testcases.TC002_Login2 -->
      <class name="samplemaven.testcases.TC001_Login">
        <test-method status="PASS" signature="startResult()[pri:0, instance:samplemaven.testcases.TC001_Login@6adede5]" name="startResult" is-config="true" duration-ms="670" started-at="2019-03-14T20:46:12Z" finished-at="2019-03-14T20:46:13Z">
          <reporter-output>
          </reporter-output>
        </test-method> <!-- startResult -->
        <test-method status="PASS" signature="setData()[pri:0, instance:samplemaven.testcases.TC001_Login@6adede5]" name="setData" is-config="true" duration-ms="1" started-at="2019-03-14T20:46:13Z" finished-at="2019-03-14T20:46:13Z">
          <reporter-output>
          </reporter-output>
        </test-method> <!-- setData -->
        <test-method status="PASS" signature="setData()[pri:0, instance:samplemaven.testcases.TC002_Login2@2d928643]" name="setData" is-config="true" duration-ms="2" started-at="2019-03-14T20:46:13Z" finished-at="2019-03-14T20:46:13Z">
          <reporter-output>
          </reporter-output>
        </test-method> <!-- setData -->
        <test-method status="PASS" signature="startTestcase()[pri:0, instance:samplemaven.testcases.TC001_Login@6adede5]" name="startTestcase" is-config="true" duration-ms="13" started-at="2019-03-14T20:46:13Z" finished-at="2019-03-14T20:46:13Z">
          <reporter-output>
          </reporter-output>
        </test-method> <!-- startTestcase -->
        <test-method status="PASS" signature="startApplication(java.lang.String, java.lang.String)[pri:0, instance:samplemaven.testcases.TC001_Login@6adede5]" name="startApplication" is-config="true" duration-ms="16776" started-at="2019-03-14T20:46:14Z" finished-at="2019-03-14T20:46:31Z">
          <params>
            <param index="0">
              <value>
                <![CDATA[chrome]]>
              </value>
            </param>
            <param index="1">
              <value>
                <![CDATA[http://leaftaps.com/opentaps]]>
              </value>
            </param>
          </params>
          <reporter-output>
          </reporter-output>
        </test-method> <!-- startApplication -->
        <test-method status="PASS" signature="login(java.lang.String, java.lang.String, java.lang.String)[pri:0, instance:samplemaven.testcases.TC001_Login@6adede5]" name="login" duration-ms="1158" started-at="2019-03-14T20:46:31Z" data-provider="fetchData" finished-at="2019-03-14T20:46:32Z">
          <params>
            <param index="0">
              <value>
                <![CDATA[DemoSalesManager]]>
              </value>
            </param>
            <param index="1">
              <value>
                <![CDATA[crmsfa]]>
              </value>
            </param>
            <param index="2">
              <value>
                <![CDATA[848]]>
              </value>
            </param>
          </params>
          <reporter-output>
          </reporter-output>
        </test-method> <!-- login -->
        <test-method status="PASS" signature="closeApplication()[pri:0, instance:samplemaven.testcases.TC001_Login@6adede5]" name="closeApplication" is-config="true" duration-ms="133" started-at="2019-03-14T20:46:32Z" finished-at="2019-03-14T20:46:32Z">
          <reporter-output>
          </reporter-output>
        </test-method> <!-- closeApplication -->
        <test-method status="PASS" signature="stopResult()[pri:0, instance:samplemaven.testcases.TC001_Login@6adede5]" name="stopResult" is-config="true" duration-ms="454" started-at="2019-03-14T20:46:42Z" finished-at="2019-03-14T20:46:42Z">
          <reporter-output>
          </reporter-output>
        </test-method> <!-- stopResult -->
      </class> <!-- samplemaven.testcases.TC001_Login -->
    </test> <!-- Test -->
  </suite> <!-- Suite -->
</testng-results>
